[06:10:55] [ServerMain/INFO]: Environment: Environment[sessionHost=https://sessionserver.mojang.com, servicesHost=https://api.minecraftservices.com, name=PROD]
[06:10:57] [ServerMain/INFO]: Loaded 1290 recipes
[06:10:57] [ServerMain/INFO]: Loaded 1399 advancements
[06:10:58] [Server thread/INFO]: Starting minecraft server version 1.21
[06:10:58] [Server thread/INFO]: Loading properties
[06:10:58] [Server thread/INFO]: Default game type: SURVIVAL
[06:10:58] [Server thread/INFO]: Generating keypair
[06:10:58] [Server thread/INFO]: Starting Minecraft server on *:25565
[06:10:58] [Server thread/INFO]: Using epoll channel type
[06:10:58] [Server thread/WARN]: **** SERVER IS RUNNING IN OFFLINE/INSECURE MODE!
[06:10:58] [Server thread/WARN]: The server will make no attempt to authenticate usernames. Beware.
[06:10:58] [Server thread/WARN]: While this makes the game possible to play without internet access, it also opens up the ability for hackers to connect with any username they choose.
[06:10:58] [Server thread/WARN]: To change this, set "online-mode" to "true" in the server.properties file.
[06:10:58] [Server thread/INFO]: Preparing level "world"
[06:11:02] [Server thread/INFO]: Preparing start region for dimension minecraft:overworld
[06:11:02] [Worker-Main-1/INFO]: Preparing spawn area: 0%
[06:11:02] [Server thread/INFO]: Time elapsed: 535 ms
[06:11:02] [Server thread/INFO]: Done (4.245s)! For help, type "help"
[06:11:21] [Server thread/INFO]: Floodwer013[/177.228.71.211:15906] logged in with entity id 45 at (-6.01896000578148, 63.0, -27.61382028035566)
[06:11:21] [Server thread/INFO]: Floodwer013 joined the game
[06:11:59] [Server thread/INFO]: Floodwer013 lost connection: Disconnected
[06:11:59] [Server thread/INFO]: Floodwer013 left the game
[06:12:10] [Server thread/INFO]: Stopping the server
[06:12:10] [Server thread/INFO]: Stopping server
[06:12:10] [Server thread/INFO]: Saving players
[06:12:10] [Server thread/INFO]: Saving worlds
[06:12:10] [Server thread/INFO]: Saving chunks for level 'ServerLevel[world]'/minecraft:overworld
[06:12:10] [Server thread/INFO]: Saving chunks for level 'ServerLevel[world]'/minecraft:the_end
[06:12:10] [Server thread/INFO]: Saving chunks for level 'ServerLevel[world]'/minecraft:the_nether
[06:12:10] [Server thread/INFO]: ThreadedAnvilChunkStorage (world): All chunks are saved
[06:12:10] [Server thread/INFO]: ThreadedAnvilChunkStorage (DIM1): All chunks are saved
[06:12:10] [Server thread/INFO]: ThreadedAnvilChunkStorage (DIM-1): All chunks are saved
[06:12:10] [Server thread/INFO]: ThreadedAnvilChunkStorage: All dimensions are saved
